<?xml version="1.0" encoding="UTF-8" standalone="no"?>
<!DOCTYPE log SYSTEM "logger.dtd">
<log>
<record>
  <date>2021-05-22T11:08:55.894615Z</date>
  <millis>1621681735894</millis>
  <nanos>615000</nanos>
  <sequence>4</sequence>
  <logger>logger</logger>
  <level>INFO</level>
  <class>com.onma.service.player.observer.LogObserver</class>
  <method>update</method>
  <thread>35</thread>
  <message>subject.getMessage()</message>
</record>
<record>
  <date>2021-05-22T11:10:11.072535600Z</date>
  <millis>1621681811072</millis>
  <nanos>535600</nanos>
  <sequence>6</sequence>
  <logger>logger</logger>
  <level>INFO</level>
  <class>com.onma.service.player.observer.LogObserver</class>
  <method>update</method>
  <thread>37</thread>
  <message>subject.getMessage()</message>
</record>
<?xml version="1.0" encoding="UTF-8" standalone="no"?>
<!DOCTYPE log SYSTEM "logger.dtd">
<log>
<record>
  <date>2021-05-22T11:14:11.086461Z</date>
  <millis>1621682051086</millis>
  <nanos>461000</nanos>
  <sequence>4</sequence>
  <logger>logger</logger>
  <level>INFO</level>
  <class>com.onma.service.player.observer.LogObserver</class>
  <method>update</method>
  <thread>34</thread>
  <message>subject.getMessage()</message>
</record>
<record>
  <date>2021-05-22T11:14:29.188002500Z</date>
  <millis>1621682069188</millis>
  <nanos>2500</nanos>
  <sequence>6</sequence>
  <logger>logger</logger>
  <level>INFO</level>
  <class>com.onma.service.player.observer.LogObserver</class>
  <method>update</method>
  <thread>35</thread>
  <message>subject.getMessage()</message>
</record>
</log>
<?xml version="1.0" encoding="UTF-8" standalone="no"?>
<!DOCTYPE log SYSTEM "logger.dtd">
<log>
<record>
  <date>2021-05-22T11:20:52.183731500Z</date>
  <millis>1621682452183</millis>
  <nanos>731500</nanos>
  <sequence>4</sequence>
  <logger>logger</logger>
  <level>INFO</level>
  <class>com.onma.service.player.observer.LogObserver</class>
  <method>update</method>
  <thread>34</thread>
  <message>Player Mittie Jast has moved from Georgia nemesis to Minnesota warlocks</message>
</record>
<record>
  <date>2021-05-22T11:21:22.841990Z</date>
  <millis>1621682482841</millis>
  <nanos>990000</nanos>
  <sequence>6</sequence>
  <logger>logger</logger>
  <level>INFO</level>
  <class>com.onma.service.player.observer.LogObserver</class>
  <method>update</method>
  <thread>35</thread>
  <message>Player Mittie Jast has moved from Georgia nemesis to Minnesota warlocks</message>
</record>
